[2026-02-03T14:18:45Z] Starting generate_activity.sh
[2026-02-03T14:18:45Z] scenario=mixed duration=300s rate=60/min regions=us-east-1,us-west-2 bucket=anomai-cloudtrail-logs-dev
[2026-02-03T14:18:45Z] log_file=./logs/activity_20260203_141845_mixed.log
[2026-02-03T14:18:45Z] Checking AWS credentials...
[2026-02-03T14:18:46Z] Scenario: mixed (baseline -> burst -> new_region -> denied)
[2026-02-03T14:18:46Z] Scenario: baseline (safe/noisy read calls + light S3 list)
[2026-02-03T14:18:46Z] tick: baseline
[2026-02-03T14:18:53Z] tick: baseline
[2026-02-03T14:19:00Z] tick: baseline
[2026-02-03T14:19:07Z] tick: baseline
[2026-02-03T14:19:14Z] tick: baseline
[2026-02-03T14:19:21Z] tick: baseline
[2026-02-03T14:19:28Z] tick: baseline
[2026-02-03T14:19:35Z] tick: baseline
[2026-02-03T14:19:42Z] tick: baseline
[2026-02-03T14:19:49Z] tick: baseline
[2026-02-03T14:19:56Z] tick: baseline
[2026-02-03T14:20:03Z] Scenario: burst_api_calls (rate spike via Describe* loops)
[2026-02-03T14:20:03Z] tick: burst_api_calls
[2026-02-03T14:20:07Z] tick: burst_api_calls
[2026-02-03T14:20:12Z] tick: burst_api_calls
[2026-02-03T14:20:16Z] tick: burst_api_calls
[2026-02-03T14:20:20Z] tick: burst_api_calls
[2026-02-03T14:20:25Z] tick: burst_api_calls
[2026-02-03T14:20:29Z] tick: burst_api_calls
[2026-02-03T14:20:33Z] tick: burst_api_calls
[2026-02-03T14:20:38Z] tick: burst_api_calls
[2026-02-03T14:20:42Z] tick: burst_api_calls
[2026-02-03T14:20:47Z] tick: burst_api_calls
[2026-02-03T14:20:51Z] tick: burst_api_calls
[2026-02-03T14:20:55Z] tick: burst_api_calls
[2026-02-03T14:20:59Z] tick: burst_api_calls
[2026-02-03T14:21:04Z] tick: burst_api_calls
[2026-02-03T14:21:08Z] tick: burst_api_calls
[2026-02-03T14:21:12Z] tick: burst_api_calls
[2026-02-03T14:21:17Z] tick: burst_api_calls
[2026-02-03T14:21:21Z] Scenario: new_region (same calls across multiple regions quickly)
[2026-02-03T14:21:21Z] tick: new_region -> us-east-1
[2026-02-03T14:21:26Z] tick: new_region -> us-west-2
[2026-02-03T14:21:31Z] tick: new_region -> us-east-1
[2026-02-03T14:21:35Z] tick: new_region -> us-west-2
[2026-02-03T14:21:40Z] tick: new_region -> us-east-1
[2026-02-03T14:21:45Z] tick: new_region -> us-west-2
[2026-02-03T14:21:50Z] tick: new_region -> us-east-1
[2026-02-03T14:21:54Z] tick: new_region -> us-west-2
[2026-02-03T14:21:59Z] tick: new_region -> us-east-1
[2026-02-03T14:22:04Z] tick: new_region -> us-west-2
[2026-02-03T14:22:09Z] tick: new_region -> us-east-1
[2026-02-03T14:22:13Z] tick: new_region -> us-west-2
[2026-02-03T14:22:18Z] tick: new_region -> us-east-1
[2026-02-03T14:22:23Z] tick: new_region -> us-west-2
[2026-02-03T14:22:28Z] tick: new_region -> us-east-1
[2026-02-03T14:22:32Z] tick: new_region -> us-west-2
[2026-02-03T14:22:37Z] Scenario: access_denied_spike (intentionally failing calls)
[2026-02-03T14:22:37Z] tick: access_denied_spike
[2026-02-03T14:22:40Z] tick: access_denied_spike
[2026-02-03T14:22:44Z] tick: access_denied_spike
[2026-02-03T14:22:47Z] tick: access_denied_spike
[2026-02-03T14:22:50Z] tick: access_denied_spike
[2026-02-03T14:22:53Z] tick: access_denied_spike
[2026-02-03T14:22:56Z] tick: access_denied_spike
[2026-02-03T14:23:00Z] tick: access_denied_spike
[2026-02-03T14:23:03Z] tick: access_denied_spike
[2026-02-03T14:23:06Z] tick: access_denied_spike
[2026-02-03T14:23:09Z] tick: access_denied_spike
[2026-02-03T14:23:13Z] tick: access_denied_spike
[2026-02-03T14:23:16Z] tick: access_denied_spike
[2026-02-03T14:23:19Z] tick: access_denied_spike
[2026-02-03T14:23:22Z] tick: access_denied_spike
[2026-02-03T14:23:25Z] tick: access_denied_spike
[2026-02-03T14:23:28Z] tick: access_denied_spike
[2026-02-03T14:23:31Z] tick: access_denied_spike
[2026-02-03T14:23:35Z] tick: access_denied_spike
[2026-02-03T14:23:38Z] tick: access_denied_spike
[2026-02-03T14:23:41Z] tick: access_denied_spike
[2026-02-03T14:23:44Z] tick: access_denied_spike
[2026-02-03T14:23:47Z] tick: access_denied_spike
[2026-02-03T14:23:51Z] tick: access_denied_spike
[2026-02-03T14:23:54Z] Done.
