[2026-02-02T20:44:38Z] Starting generate_activity.sh
[2026-02-02T20:44:38Z] scenario=mixed duration=300s rate=60/min regions=us-east-1,us-west-2 bucket=anomai-cloudtrail-logs-dev
[2026-02-02T20:44:38Z] log_file=./logs/activity_20260202_204438_mixed.log
[2026-02-02T20:44:38Z] Checking AWS credentials...
[2026-02-02T20:44:39Z] Scenario: mixed (baseline -> burst -> new_region -> denied)
[2026-02-02T20:44:39Z] Scenario: baseline (safe/noisy read calls + light S3 list)
[2026-02-02T20:44:39Z] tick: baseline
[2026-02-02T20:44:46Z] tick: baseline
[2026-02-02T20:44:53Z] tick: baseline
[2026-02-02T20:45:00Z] tick: baseline
[2026-02-02T20:45:07Z] tick: baseline
[2026-02-02T20:45:14Z] tick: baseline
[2026-02-02T20:45:21Z] tick: baseline
[2026-02-02T20:45:28Z] tick: baseline
[2026-02-02T20:45:35Z] tick: baseline
[2026-02-02T20:45:42Z] tick: baseline
[2026-02-02T20:45:49Z] tick: baseline
[2026-02-02T20:45:56Z] Scenario: burst_api_calls (rate spike via Describe* loops)
[2026-02-02T20:45:56Z] tick: burst_api_calls
[2026-02-02T20:46:00Z] tick: burst_api_calls
[2026-02-02T20:46:05Z] tick: burst_api_calls
[2026-02-02T20:46:09Z] tick: burst_api_calls
[2026-02-02T20:46:13Z] tick: burst_api_calls
[2026-02-02T20:46:18Z] tick: burst_api_calls
[2026-02-02T20:46:22Z] tick: burst_api_calls
[2026-02-02T20:46:26Z] tick: burst_api_calls
[2026-02-02T20:46:31Z] tick: burst_api_calls
[2026-02-02T20:46:35Z] tick: burst_api_calls
[2026-02-02T20:46:40Z] tick: burst_api_calls
[2026-02-02T20:46:44Z] tick: burst_api_calls
[2026-02-02T20:46:48Z] tick: burst_api_calls
[2026-02-02T20:46:53Z] tick: burst_api_calls
[2026-02-02T20:46:57Z] tick: burst_api_calls
[2026-02-02T20:47:01Z] tick: burst_api_calls
[2026-02-02T20:47:06Z] tick: burst_api_calls
[2026-02-02T20:47:10Z] tick: burst_api_calls
[2026-02-02T20:47:14Z] Scenario: new_region (same calls across multiple regions quickly)
[2026-02-02T20:47:14Z] tick: new_region -> us-east-1
[2026-02-02T20:47:19Z] tick: new_region -> us-west-2
[2026-02-02T20:47:25Z] tick: new_region -> us-east-1
[2026-02-02T20:47:29Z] tick: new_region -> us-west-2
[2026-02-02T20:47:34Z] tick: new_region -> us-east-1
[2026-02-02T20:47:39Z] tick: new_region -> us-west-2
[2026-02-02T20:47:44Z] tick: new_region -> us-east-1
[2026-02-02T20:47:48Z] tick: new_region -> us-west-2
[2026-02-02T20:47:53Z] tick: new_region -> us-east-1
[2026-02-02T20:47:58Z] tick: new_region -> us-west-2
[2026-02-02T20:48:03Z] tick: new_region -> us-east-1
[2026-02-02T20:48:07Z] tick: new_region -> us-west-2
[2026-02-02T20:48:12Z] tick: new_region -> us-east-1
[2026-02-02T20:48:17Z] tick: new_region -> us-west-2
[2026-02-02T20:48:22Z] tick: new_region -> us-east-1
[2026-02-02T20:48:26Z] tick: new_region -> us-west-2
[2026-02-02T20:48:31Z] Scenario: access_denied_spike (intentionally failing calls)
[2026-02-02T20:48:31Z] tick: access_denied_spike
[2026-02-02T20:48:34Z] tick: access_denied_spike
[2026-02-02T20:48:38Z] tick: access_denied_spike
[2026-02-02T20:48:41Z] tick: access_denied_spike
[2026-02-02T20:48:44Z] tick: access_denied_spike
[2026-02-02T20:48:47Z] tick: access_denied_spike
[2026-02-02T20:48:50Z] tick: access_denied_spike
[2026-02-02T20:48:53Z] tick: access_denied_spike
[2026-02-02T20:48:57Z] tick: access_denied_spike
[2026-02-02T20:49:00Z] tick: access_denied_spike
[2026-02-02T20:49:03Z] tick: access_denied_spike
[2026-02-02T20:49:06Z] tick: access_denied_spike
[2026-02-02T20:49:09Z] tick: access_denied_spike
[2026-02-02T20:49:12Z] tick: access_denied_spike
[2026-02-02T20:49:16Z] tick: access_denied_spike
[2026-02-02T20:49:19Z] tick: access_denied_spike
[2026-02-02T20:49:22Z] tick: access_denied_spike
[2026-02-02T20:49:25Z] tick: access_denied_spike
[2026-02-02T20:49:28Z] tick: access_denied_spike
[2026-02-02T20:49:31Z] tick: access_denied_spike
[2026-02-02T20:49:35Z] tick: access_denied_spike
[2026-02-02T20:49:38Z] tick: access_denied_spike
[2026-02-02T20:49:41Z] tick: access_denied_spike
[2026-02-02T20:49:44Z] tick: access_denied_spike
[2026-02-02T20:49:47Z] Done.
