[2026-02-02T20:36:33Z] Starting generate_activity.sh
[2026-02-02T20:36:33Z] scenario=new_region duration=180s rate=60/min regions=us-east-1,eu-west-1,ap-southeast-1 bucket=anomai-cloudtrail-logs-dev
[2026-02-02T20:36:33Z] log_file=./logs/activity_20260202_203633_new_region.log
[2026-02-02T20:36:33Z] Checking AWS credentials...
[2026-02-02T20:36:34Z] Scenario: new_region (same calls across multiple regions quickly)
[2026-02-02T20:36:34Z] tick: new_region -> us-east-1
[2026-02-02T20:36:38Z] tick: new_region -> eu-west-1
[2026-02-02T20:36:44Z] tick: new_region -> ap-southeast-1
[2026-02-02T20:36:51Z] tick: new_region -> us-east-1
[2026-02-02T20:36:55Z] tick: new_region -> eu-west-1
[2026-02-02T20:37:01Z] tick: new_region -> ap-southeast-1
[2026-02-02T20:37:07Z] tick: new_region -> us-east-1
[2026-02-02T20:37:12Z] tick: new_region -> eu-west-1
[2026-02-02T20:37:17Z] tick: new_region -> ap-southeast-1
[2026-02-02T20:37:24Z] tick: new_region -> us-east-1
[2026-02-02T20:37:28Z] tick: new_region -> eu-west-1
[2026-02-02T20:37:33Z] tick: new_region -> ap-southeast-1
[2026-02-02T20:37:40Z] tick: new_region -> us-east-1
[2026-02-02T20:37:45Z] tick: new_region -> eu-west-1
[2026-02-02T20:37:50Z] tick: new_region -> ap-southeast-1
[2026-02-02T20:37:57Z] tick: new_region -> us-east-1
[2026-02-02T20:38:01Z] tick: new_region -> eu-west-1
[2026-02-02T20:38:06Z] tick: new_region -> ap-southeast-1
[2026-02-02T20:38:13Z] tick: new_region -> us-east-1
[2026-02-02T20:38:17Z] tick: new_region -> eu-west-1
[2026-02-02T20:38:22Z] tick: new_region -> ap-southeast-1
[2026-02-02T20:38:29Z] tick: new_region -> us-east-1
[2026-02-02T20:38:34Z] tick: new_region -> eu-west-1
[2026-02-02T20:38:39Z] tick: new_region -> ap-southeast-1
[2026-02-02T20:38:45Z] tick: new_region -> us-east-1
[2026-02-02T20:38:50Z] tick: new_region -> eu-west-1
[2026-02-02T20:38:55Z] tick: new_region -> ap-southeast-1
[2026-02-02T20:39:02Z] tick: new_region -> us-east-1
[2026-02-02T20:39:06Z] tick: new_region -> eu-west-1
[2026-02-02T20:39:11Z] tick: new_region -> ap-southeast-1
[2026-02-02T20:39:18Z] tick: new_region -> us-east-1
[2026-02-02T20:39:22Z] tick: new_region -> eu-west-1
[2026-02-02T20:39:28Z] tick: new_region -> ap-southeast-1
[2026-02-02T20:39:35Z] Done.
